<?xml version="1.0" encoding="UTF-8"?>
<!-- Generated by org.testng.reporters.JUnitReportReporter -->
<testsuite hostname="DESKTOP-JRREHJV" name="mavenTestNG.NewTest" tests="1" failures="0" timestamp="7 Jan 2020 15:09:21 GMT" time="27.522" errors="0">
  <testcase name="f" time="27.522" classname="mavenTestNG.NewTest"/>
</testsuite> <!-- mavenTestNG.NewTest -->
