<?xml version="1.0" encoding="UTF-8"?>
<!-- Generated by org.testng.reporters.JUnitReportReporter -->
<testsuite hostname="DESKTOP-JRREHJV" name="mavenTestNG.FirstTest" tests="1" failures="0" timestamp="8 Jan 2020 04:59:28 GMT" time="21.760" errors="0">
  <testcase name="f" time="21.760" classname="mavenTestNG.FirstTest"/>
</testsuite> <!-- mavenTestNG.FirstTest -->
